<?xml version="1.0" encoding="UTF-8"?>
<!-- Generated by org.testng.reporters.JUnitReportReporter -->
<testsuite skipped="0" hostname="Anshuls-MacBook-Air.local" name="com.selenuim.basic.OptionsClassSelenium" tests="1" failures="0" timestamp="14 Jan 2019 16:48:29 GMT" time="18.615" errors="0">
  <testcase name="SetBrowserNotification" time="18.615" classname="com.selenuim.basic.OptionsClassSelenium"/>
</testsuite> <!-- com.selenuim.basic.OptionsClassSelenium -->
