<?xml version="1.0" encoding="UTF-8"?>
<!-- Generated by org.testng.reporters.JUnitReportReporter -->
<testsuite skipped="0" hostname="Anshuls-MacBook-Air.local" name="com.liveproject.AddDeleteStockInPortfolio" tests="2" failures="0" timestamp="04 May 2019 02:28:18 GMT" time="46.369" errors="0">
  <testcase name="addStockTest" time="41.975" classname="com.liveproject.AddDeleteStockInPortfolio"/>
  <testcase name="deleteStock" time="4.394" classname="com.liveproject.AddDeleteStockInPortfolio"/>
</testsuite> <!-- com.liveproject.AddDeleteStockInPortfolio -->
