<?xml version="1.0" encoding="UTF-8"?>
<!-- Generated by org.testng.reporters.JUnitReportReporter -->
<testsuite skipped="0" hostname="Anshuls-MacBook-Air.local" name="com.selenium.masterpart1.FindBrokenLink" tests="1" failures="0" timestamp="18 Feb 2019 17:23:11 GMT" time="189.140" errors="0">
  <testcase name="testimplicitWait" time="189.140" classname="com.selenium.masterpart1.FindBrokenLink"/>
</testsuite> <!-- com.selenium.masterpart1.FindBrokenLink -->
