<?xml version="1.0" encoding="UTF-8"?>
<!-- Generated by org.testng.reporters.JUnitReportReporter -->
<testsuite skipped="0" hostname="Anshuls-MacBook-Air.local" name="com.selenium.masterpart3.UploadFileSelenium" tests="1" failures="0" timestamp="10 Mar 2019 13:27:19 GMT" time="23.691" errors="0">
  <testcase name="testUploadFunction" time="23.691" classname="com.selenium.masterpart3.UploadFileSelenium"/>
</testsuite> <!-- com.selenium.masterpart3.UploadFileSelenium -->
