<?xml version="1.0" encoding="UTF-8"?>
<!-- Generated by org.testng.reporters.JUnitReportReporter -->
<testsuite skipped="0" hostname="Anshuls-MacBook-Air.local" name="com.selenium.masterpart2.HandleMultipleWindows" tests="1" failures="0" timestamp="05 Mar 2019 15:14:36 GMT" time="29.942" errors="0">
  <testcase name="handleMultiTabs" time="29.942" classname="com.selenium.masterpart2.HandleMultipleWindows"/>
</testsuite> <!-- com.selenium.masterpart2.HandleMultipleWindows -->
