<?xml version="1.0" encoding="UTF-8"?>
<!-- Generated by org.testng.reporters.JUnitReportReporter -->
<testsuite skipped="0" hostname="Anshuls-MacBook-Air.local" name="com.selenium.masterpart2.HandleMouseHover" tests="1" failures="0" timestamp="08 Mar 2019 16:15:33 GMT" time="19.787" errors="0">
  <testcase name="handleMouseHoverOnClick" time="19.787" classname="com.selenium.masterpart2.HandleMouseHover"/>
</testsuite> <!-- com.selenium.masterpart2.HandleMouseHover -->
