<?xml version="1.0" encoding="UTF-8"?>
<!-- Generated by org.testng.reporters.JUnitReportReporter -->
<testsuite skipped="0" hostname="Anshuls-MacBook-Air.local" name="com.selenium.masterpart1.VerifyWebElementPresence" tests="1" failures="0" timestamp="20 Feb 2019 13:50:10 GMT" time="6.590" errors="0">
  <testcase name="verifyElementSelected" time="6.590" classname="com.selenium.masterpart1.VerifyWebElementPresence"/>
</testsuite> <!-- com.selenium.masterpart1.VerifyWebElementPresence -->
