<?xml version="1.0" encoding="UTF-8"?>
<!-- Generated by org.testng.reporters.JUnitReportReporter -->
<testsuite skipped="0" hostname="Anshuls-MacBook-Air.local" name="com.selenium.webelement.XpathClass" tests="1" failures="0" timestamp="20 Jan 2019 08:35:33 GMT" time="20.808" errors="0">
  <testcase name="absoluteXpath" time="20.808" classname="com.selenium.webelement.XpathClass"/>
</testsuite> <!-- com.selenium.webelement.XpathClass -->
