<?xml version="1.0" encoding="UTF-8"?>
<!-- Generated by org.testng.reporters.JUnitReportReporter -->
<testsuite skipped="0" hostname="Anshuls-MacBook-Air.local" name="com.selenium.masterpart3.ManageJavaScriptExecutor" tests="1" failures="0" timestamp="09 Mar 2019 15:10:44 GMT" time="15.743" errors="0">
  <testcase name="testJavaScriptExecutor" time="15.743" classname="com.selenium.masterpart3.ManageJavaScriptExecutor"/>
</testsuite> <!-- com.selenium.masterpart3.ManageJavaScriptExecutor -->
