<?xml version="1.0" encoding="UTF-8"?>
<!-- Generated by org.testng.reporters.JUnitReportReporter -->
<testsuite skipped="0" hostname="Anshuls-MacBook-Air.local" name="com.selenium.masterpart1.ExtractTextInSelenium" tests="1" failures="0" timestamp="18 Feb 2019 15:05:57 GMT" time="5.885" errors="0">
  <testcase name="testimplicitWait" time="5.885" classname="com.selenium.masterpart1.ExtractTextInSelenium"/>
</testsuite> <!-- com.selenium.masterpart1.ExtractTextInSelenium -->
