<?xml version="1.0" encoding="UTF-8"?>
<!-- Generated by org.testng.reporters.JUnitReportReporter -->
<testsuite skipped="0" hostname="Anshuls-MacBook-Air.local" name="com.selenium.webelement.FindElementsClass" tests="1" failures="0" timestamp="19 Jan 2019 13:09:18 GMT" time="19.244" errors="0">
  <testcase name="findElementTest" time="19.244" classname="com.selenium.webelement.FindElementsClass"/>
</testsuite> <!-- com.selenium.webelement.FindElementsClass -->
