<?xml version="1.0" encoding="UTF-8"?>
<!-- Generated by org.testng.reporters.JUnitReportReporter -->
<testsuite skipped="0" hostname="Anshuls-MacBook-Air.local" name="com.selenium.masterpart3.ManageCookies" tests="1" failures="0" timestamp="09 Mar 2019 11:58:43 GMT" time="19.475" errors="0">
  <testcase name="testCookies" time="19.475" classname="com.selenium.masterpart3.ManageCookies"/>
</testsuite> <!-- com.selenium.masterpart3.ManageCookies -->
