<?xml version="1.0" encoding="UTF-8"?>
<!-- Generated by org.testng.reporters.JUnitReportReporter -->
<testsuite skipped="0" hostname="Anshuls-MacBook-Air.local" name="com.liveproject.LoginTest" tests="1" failures="0" timestamp="21 Apr 2019 13:48:12 GMT" time="24.647" errors="0">
  <testcase name="loginRediff" time="24.647" classname="com.liveproject.LoginTest"/>
</testsuite> <!-- com.liveproject.LoginTest -->
