<?xml version="1.0" encoding="UTF-8"?>
<!-- Generated by org.testng.reporters.JUnitReportReporter -->
<testsuite skipped="0" hostname="Anshuls-MacBook-Air.local" name="com.selenium.masterpart2.SelectDropDown" tests="1" failures="0" timestamp="25 Feb 2019 14:44:29 GMT" time="18.484" errors="0">
  <testcase name="SelectDOB" time="18.484" classname="com.selenium.masterpart2.SelectDropDown"/>
</testsuite> <!-- com.selenium.masterpart2.SelectDropDown -->
