<?xml version="1.0" encoding="UTF-8"?>
<!-- Generated by org.testng.reporters.JUnitReportReporter -->
<testsuite skipped="0" hostname="Anshuls-MacBook-Air.local" name="com.selenuim.basic.InvokeBrowserDynamically" tests="1" failures="0" timestamp="10 Jan 2019 14:27:15 GMT" time="10.841" errors="0">
  <testcase name="verifyFaceBookHomePage" time="10.841" classname="com.selenuim.basic.InvokeBrowserDynamically"/>
</testsuite> <!-- com.selenuim.basic.InvokeBrowserDynamically -->
