<?xml version="1.0" encoding="UTF-8"?>
<!-- Generated by org.testng.reporters.JUnitReportReporter -->
<testsuite skipped="0" hostname="Anshuls-MacBook-Air.local" name="com.selenuim.basic.InvokeOtherBrowsers" tests="1" failures="0" timestamp="09 Jan 2019 16:41:35 GMT" time="8.860" errors="0">
  <testcase name="verifyFaceBookHomePage" time="8.860" classname="com.selenuim.basic.InvokeOtherBrowsers"/>
</testsuite> <!-- com.selenuim.basic.InvokeOtherBrowsers -->
