<?xml version="1.0" encoding="UTF-8"?>
<!-- Generated by org.testng.reporters.JUnitReportReporter -->
<testsuite skipped="0" hostname="Anshuls-MacBook-Air.local" name="com.selenium.webelement.CNNTest" tests="1" failures="0" timestamp="20 Jan 2019 14:09:06 GMT" time="32.512" errors="0">
  <testcase name="testTravelLink" time="32.512" classname="com.selenium.webelement.CNNTest"/>
</testsuite> <!-- com.selenium.webelement.CNNTest -->
