<?xml version="1.0" encoding="UTF-8"?>
<!-- Generated by org.testng.reporters.JUnitReportReporter -->
<testsuite skipped="0" hostname="Anshuls-MacBook-Air.local" name="com.selenium.wait.ExplicitWaitClass" tests="5" failures="0" timestamp="28 Jan 2019 15:39:50 GMT" time="58.254" errors="0">
  <testcase name="veriyPresentText" time="12.595" classname="com.selenium.wait.ExplicitWaitClass"/>
  <testcase name="verifyElementVisibility" time="13.204" classname="com.selenium.wait.ExplicitWaitClass"/>
  <testcase name="verifyElementSelected" time="12.654" classname="com.selenium.wait.ExplicitWaitClass"/>
  <testcase name="verifyElementClickable" time="12.459" classname="com.selenium.wait.ExplicitWaitClass"/>
  <testcase name="verifyAlert" time="7.342" classname="com.selenium.wait.ExplicitWaitClass"/>
</testsuite> <!-- com.selenium.wait.ExplicitWaitClass -->
