<?xml version="1.0" encoding="UTF-8"?>
<!-- Generated by org.testng.reporters.JUnitReportReporter -->
<testsuite skipped="0" hostname="Anshuls-MacBook-Air.local" name="com.selenium.webelement.ReddifSignInTest" tests="1" failures="0" timestamp="16 Jan 2019 16:35:39 GMT" time="21.690" errors="0">
  <testcase name="testReddifSignIn" time="21.690" classname="com.selenium.webelement.ReddifSignInTest"/>
</testsuite> <!-- com.selenium.webelement.ReddifSignInTest -->
