<?xml version="1.0" encoding="UTF-8"?>
<!-- Generated by org.testng.reporters.JUnitReportReporter -->
<testsuite skipped="0" hostname="Anshuls-MacBook-Air.local" name="com.selenium.masterpart1.HandleIframes" tests="1" failures="0" timestamp="19 Feb 2019 16:57:24 GMT" time="9.087" errors="0">
  <testcase name="getIFrame" time="9.087" classname="com.selenium.masterpart1.HandleIframes"/>
</testsuite> <!-- com.selenium.masterpart1.HandleIframes -->
