<?xml version="1.0" encoding="UTF-8"?>
<!-- Generated by org.testng.reporters.JUnitReportReporter -->
<testsuite skipped="0" hostname="Anshuls-MacBook-Air.local" name="com.liveproject.CreatePortfolio" tests="3" failures="0" timestamp="23 Apr 2019 15:43:01 GMT" time="136.440" errors="0">
  <testcase name="testCreatePortfolio" time="97.339" classname="com.liveproject.CreatePortfolio"/>
  <testcase name="testportfolioVerification" time="38.929" classname="com.liveproject.CreatePortfolio"/>
  <testcase name="testDeletePortfolio" time="0.172" classname="com.liveproject.CreatePortfolio"/>
</testsuite> <!-- com.liveproject.CreatePortfolio -->
