<?xml version="1.0" encoding="UTF-8"?>
<!-- Generated by org.testng.reporters.JUnitReportReporter -->
<testsuite skipped="0" hostname="Anshuls-MacBook-Air.local" name="com.selenuim.basic.FirstSeleniumTest" tests="1" failures="0" timestamp="08 Jan 2019 17:58:37 GMT" time="5.777" errors="0">
  <testcase name="verifyFaceBookHomePage" time="5.777" classname="com.selenuim.basic.FirstSeleniumTest"/>
</testsuite> <!-- com.selenuim.basic.FirstSeleniumTest -->
