<?xml version="1.0" encoding="UTF-8"?>
<!-- Generated by org.testng.reporters.JUnitReportReporter -->
<testsuite skipped="0" hostname="Anshuls-MacBook-Air.local" name="com.selenium.masterpart2.HandleDragAndDrop" tests="1" failures="0" timestamp="08 Mar 2019 18:21:57 GMT" time="14.199" errors="0">
  <testcase name="customDragDrop" time="14.199" classname="com.selenium.masterpart2.HandleDragAndDrop"/>
</testsuite> <!-- com.selenium.masterpart2.HandleDragAndDrop -->
