<?xml version="1.0" encoding="UTF-8"?>
<!-- Generated by org.testng.reporters.JUnitReportReporter -->
<testsuite skipped="0" hostname="Anshuls-MacBook-Air.local" name="com.selenium.masterpart1.ExtractSpecificElementOnWebPage" tests="1" failures="0" timestamp="20 Feb 2019 15:21:49 GMT" time="16.718" errors="0">
  <testcase name="getElements" time="16.718" classname="com.selenium.masterpart1.ExtractSpecificElementOnWebPage"/>
</testsuite> <!-- com.selenium.masterpart1.ExtractSpecificElementOnWebPage -->
