<?xml version="1.0" encoding="UTF-8"?>
<!-- Generated by org.testng.reporters.JUnitReportReporter -->
<testsuite skipped="0" hostname="Anshuls-MacBook-Air.local" name="com.selenium.masterpart2.HandleAlerts" tests="1" failures="0" timestamp="07 Mar 2019 14:48:45 GMT" time="12.587" errors="0">
  <testcase name="handleJavaScriptAlerts" time="12.587" classname="com.selenium.masterpart2.HandleAlerts"/>
</testsuite> <!-- com.selenium.masterpart2.HandleAlerts -->
