<?xml version="1.0" encoding="UTF-8"?>
<!-- Generated by org.testng.reporters.JUnitReportReporter -->
<testsuite skipped="0" hostname="Anshuls-MacBook-Air.local" name="com.selenium.masterpart3.HandleWebTable" tests="1" failures="0" timestamp="09 Mar 2019 09:17:16 GMT" time="17.823" errors="0">
  <testcase name="manageWebTable" time="17.823" classname="com.selenium.masterpart3.HandleWebTable"/>
</testsuite> <!-- com.selenium.masterpart3.HandleWebTable -->
