<?xml version="1.0" encoding="UTF-8"?>
<!-- Generated by org.testng.reporters.JUnitReportReporter -->
<testsuite skipped="0" hostname="Anshuls-MacBook-Air.local" name="com.selenium.masterpart2.MultiSelectDropDown" tests="1" failures="0" timestamp="25 Feb 2019 15:02:54 GMT" time="22.488" errors="0">
  <testcase name="selectMultiSelectDropDown" time="22.488" classname="com.selenium.masterpart2.MultiSelectDropDown"/>
</testsuite> <!-- com.selenium.masterpart2.MultiSelectDropDown -->
