<?xml version="1.0" encoding="UTF-8"?>
<!-- Generated by org.testng.reporters.JUnitReportReporter -->
<testsuite skipped="0" hostname="Anshuls-MacBook-Air.local" name="com.selenium.masterpart3.HandleAutoSuggest" tests="1" failures="0" timestamp="09 Mar 2019 10:29:46 GMT" time="10.057" errors="0">
  <testcase name="testAutoSuggest" time="10.057" classname="com.selenium.masterpart3.HandleAutoSuggest"/>
</testsuite> <!-- com.selenium.masterpart3.HandleAutoSuggest -->
