<?xml version="1.0" encoding="UTF-8"?>
<!-- Generated by org.testng.reporters.JUnitReportReporter -->
<testsuite skipped="0" hostname="Anshuls-MacBook-Air.local" name="com.selenium.wait.SleepWaitClass" tests="1" failures="0" timestamp="27 Jan 2019 08:41:26 GMT" time="16.061" errors="0">
  <testcase name="googleSearch" time="16.061" classname="com.selenium.wait.SleepWaitClass"/>
</testsuite> <!-- com.selenium.wait.SleepWaitClass -->
