<?xml version="1.0" encoding="UTF-8"?>
<!-- Generated by org.testng.reporters.JUnitReportReporter -->
<testsuite skipped="0" hostname="Anshuls-MacBook-Air.local" name="FaceBookProfileTest" tests="2" failures="0" timestamp="23 Dec 2018 14:39:23 GMT" time="0.005" errors="0">
  <testcase name="checkProfileLink" time="0.002" classname="FaceBookProfileTest"/>
  <testcase name="checkProfileLogo" time="0.003" classname="FaceBookProfileTest"/>
</testsuite> <!-- FaceBookProfileTest -->
