<?xml version="1.0" encoding="UTF-8"?>
<!-- Generated by org.testng.reporters.JUnitReportReporter -->
<testsuite skipped="2" hostname="Anshuls-MacBook-Air.local" name="com.testng.training.SkippingExample" tests="4" failures="0" timestamp="26 Dec 2018 14:38:17 GMT" time="0.041" errors="0">
  <testcase name="testFour" time="0.029" classname="com.testng.training.SkippingExample"/>
  <testcase name="testOne" time="0.009" classname="com.testng.training.SkippingExample"/>
  <testcase name="testThree" time="0.003" classname="com.testng.training.SkippingExample">
    <skipped/>
  </testcase> <!-- testThree -->
  <testcase name="testTwo" classname="com.testng.training.SkippingExample">
    <skipped/>
  </testcase> <!-- testTwo -->
</testsuite> <!-- com.testng.training.SkippingExample -->
