<?xml version="1.0" encoding="UTF-8"?>
<!-- Generated by org.testng.reporters.JUnitReportReporter -->
<testsuite skipped="0" hostname="Anshuls-MacBook-Air.local" name="FaceBookLogin" tests="3" failures="0" timestamp="23 Dec 2018 14:39:28 GMT" time="0.026" errors="0">
  <testcase name="loginWithInValidUserName" time="0.002" classname="FaceBookLogin"/>
  <testcase name="loginWithValidCredentials" time="0.004" classname="FaceBookLogin"/>
  <testcase name="loginWithInValidCredentials" time="0.020" classname="FaceBookLogin"/>
</testsuite> <!-- FaceBookLogin -->
