<?xml version="1.0" encoding="UTF-8"?>
<!-- Generated by org.testng.reporters.JUnitReportReporter -->
<testsuite skipped="0" hostname="Anshuls-MacBook-Air.local" name="com.testng.dataprovider.DataProviderAcceptanceExample" tests="1" failures="0" timestamp="06 Jan 2019 05:44:47 GMT" time="0.002" errors="0">
  <testcase name="acceptanceTest" time="0.002" classname="com.testng.dataprovider.DataProviderAcceptanceExample"/>
</testsuite> <!-- com.testng.dataprovider.DataProviderAcceptanceExample -->
