<?xml version="1.0" encoding="UTF-8"?>
<!-- Generated by org.testng.reporters.JUnitReportReporter -->
<testsuite skipped="0" hostname="Anshuls-MacBook-Air.local" name="com.testng.dataprovider.DataProviderIntegrationExample" tests="1" failures="0" timestamp="06 Jan 2019 05:44:57 GMT" time="0.001" errors="0">
  <testcase name="integrationTest" time="0.001" classname="com.testng.dataprovider.DataProviderIntegrationExample"/>
</testsuite> <!-- com.testng.dataprovider.DataProviderIntegrationExample -->
