<?xml version="1.0" encoding="UTF-8"?>
<!-- Generated by org.testng.reporters.JUnitReportReporter -->
<testsuite skipped="0" hostname="Anshuls-MacBook-Air.local" name="executionorder.AnnotationsTest" tests="1" failures="0" timestamp="06 Jan 2019 05:45:02 GMT" time="0.016" errors="0">
  <testcase name="first" time="0.016" classname="executionorder.AnnotationsTest"/>
</testsuite> <!-- executionorder.AnnotationsTest -->
