<?xml version="1.0" encoding="UTF-8"?>
<!-- Generated by org.testng.reporters.JUnitReportReporter -->
<testsuite skipped="0" hostname="Anshuls-MacBook-Air.local" name="com.testng.training.SamplClassTwo" tests="2" failures="0" timestamp="23 Dec 2018 14:39:38 GMT" time="0.003" errors="0">
  <testcase name="sampleTestTwoMethodOne" time="0.001" classname="com.testng.training.SamplClassTwo"/>
  <testcase name="sampleTestTwoMethodTwo" time="0.002" classname="com.testng.training.SamplClassTwo"/>
</testsuite> <!-- com.testng.training.SamplClassTwo -->
