<?xml version="1.0" encoding="UTF-8"?>
<!-- Generated by org.testng.reporters.JUnitReportReporter -->
<testsuite skipped="0" hostname="Anshuls-MacBook-Air.local" name="com.testng.training.PriorityExample" tests="4" failures="0" timestamp="26 Dec 2018 15:49:07 GMT" time="0.032" errors="0">
  <testcase name="testOne" time="0.022" classname="com.testng.training.PriorityExample"/>
  <testcase name="testTwo" time="0.002" classname="com.testng.training.PriorityExample"/>
  <testcase name="testThree" time="0.004" classname="com.testng.training.PriorityExample"/>
  <testcase name="testFour" time="0.004" classname="com.testng.training.PriorityExample"/>
</testsuite> <!-- com.testng.training.PriorityExample -->
