<?xml version="1.0" encoding="UTF-8"?>
<!-- Generated by org.testng.reporters.JUnitReportReporter -->
<testsuite skipped="0" hostname="Anshuls-MacBook-Air.local" name="com.testng.training.SampleTestOne" tests="2" failures="0" timestamp="23 Dec 2018 14:39:33 GMT" time="0.008" errors="0">
  <testcase name="sampleTestOneMethodOne" time="0.006" classname="com.testng.training.SampleTestOne"/>
  <testcase name="sampleTestOneMethodTwo" time="0.002" classname="com.testng.training.SampleTestOne"/>
</testsuite> <!-- com.testng.training.SampleTestOne -->
