<?xml version="1.0" encoding="UTF-8"?>
<!-- Generated by org.testng.reporters.JUnitReportReporter -->
<testsuite skipped="0" hostname="Anshuls-MacBook-Air.local" name="com.testng.training.TestParameters" tests="2" failures="0" timestamp="06 Jan 2019 05:45:07 GMT" time="0.004" errors="0">
  <testcase name="testCaseOne" time="0.002" classname="com.testng.training.TestParameters"/>
  <testcase name="testCaseTwo" time="0.002" classname="com.testng.training.TestParameters"/>
</testsuite> <!-- com.testng.training.TestParameters -->
