<?xml version="1.0" encoding="UTF-8"?>
<!-- Generated by org.testng.reporters.JUnitReportReporter -->
<testsuite skipped="0" hostname="Anshuls-MacBook-Air.local" name="com.testng.training.TestCaseGrouping" tests="2" failures="0" timestamp="04 Jan 2019 15:12:27 GMT" time="0.066" errors="0">
  <testcase name="testCaseTwo" time="0.008" classname="com.testng.training.TestCaseGrouping"/>
  <testcase name="testCaseOne" time="0.058" classname="com.testng.training.TestCaseGrouping"/>
</testsuite> <!-- com.testng.training.TestCaseGrouping -->
