<?xml version="1.0" encoding="UTF-8"?>
<!-- Generated by org.testng.reporters.JUnitReportReporter -->
<testsuite skipped="0" hostname="Anshuls-MacBook-Air.local" name="com.testng.dataprovider.DataProviderParameterExample" tests="3" failures="0" timestamp="06 Jan 2019 05:44:52 GMT" time="0.007" errors="0">
  <testcase name="scenario1" time="0.002" classname="com.testng.dataprovider.DataProviderParameterExample"/>
  <testcase name="scenario2" time="0.002" classname="com.testng.dataprovider.DataProviderParameterExample"/>
  <testcase name="commonScenarios" time="0.003" classname="com.testng.dataprovider.DataProviderParameterExample"/>
</testsuite> <!-- com.testng.dataprovider.DataProviderParameterExample -->
